0 info it worked if it ends with ok
1 verbose cli [ 'C:\\Program Files\\nodejs\\\\node.exe',
1 verbose cli   'C:\\Program Files\\nodejs\\node_modules\\npm\\bin\\npm-cli.js',
1 verbose cli   'install',
1 verbose cli   '-g',
1 verbose cli   'generator-magicapp' ]
2 info using npm@1.3.24
3 info using node@v0.10.25
4 verbose node symlink C:\Program Files\nodejs\\node.exe
5 verbose cache add [ 'generator-magicapp', null ]
6 verbose cache add name=undefined spec="generator-magicapp" args=["generator-magicapp",null]
7 verbose parsed url { protocol: null,
7 verbose parsed url   slashes: null,
7 verbose parsed url   auth: null,
7 verbose parsed url   host: null,
7 verbose parsed url   port: null,
7 verbose parsed url   hostname: null,
7 verbose parsed url   hash: null,
7 verbose parsed url   search: null,
7 verbose parsed url   query: null,
7 verbose parsed url   pathname: 'generator-magicapp',
7 verbose parsed url   path: 'generator-magicapp',
7 verbose parsed url   href: 'generator-magicapp' }
8 silly lockFile 17705b3d-generator-magicapp generator-magicapp
9 verbose lock generator-magicapp C:\Users\sandeep_ts\AppData\Roaming\npm-cache\17705b3d-generator-magicapp.lock
10 silly lockFile 17705b3d-generator-magicapp generator-magicapp
11 silly lockFile 17705b3d-generator-magicapp generator-magicapp
12 verbose addNamed [ 'generator-magicapp', '' ]
13 verbose addNamed [ null, '*' ]
14 silly lockFile e529d936-generator-magicapp generator-magicapp@
15 verbose lock generator-magicapp@ C:\Users\sandeep_ts\AppData\Roaming\npm-cache\e529d936-generator-magicapp.lock
16 silly addNameRange { name: 'generator-magicapp', range: '*', hasData: false }
17 verbose url raw generator-magicapp
18 verbose url resolving [ 'https://registry.npmjs.org/', './generator-magicapp' ]
19 verbose url resolved https://registry.npmjs.org/generator-magicapp
20 info trying registry request attempt 1 at 20:31:39
21 http GET https://registry.npmjs.org/generator-magicapp
22 http 404 https://registry.npmjs.org/generator-magicapp
23 silly registry.get cb [ 404,
23 silly registry.get   { date: 'Fri, 30 May 2014 15:01:42 GMT',
23 silly registry.get     server: 'CouchDB/1.5.0 (Erlang OTP/R14B04)',
23 silly registry.get     'content-type': 'application/json',
23 silly registry.get     via: '1.1 varnish',
23 silly registry.get     'cache-control': 'max-age=0',
23 silly registry.get     'content-length': '52',
23 silly registry.get     'accept-ranges': 'bytes',
23 silly registry.get     age: '0',
23 silly registry.get     'x-served-by': 'cache-v36-ASH, cache-c31-CHI',
23 silly registry.get     'x-cache': 'MISS, MISS',
23 silly registry.get     'x-cache-hits': '0, 0',
23 silly registry.get     'x-timer': 'S1401462102.018719,VS0,VE33',
23 silly registry.get     'keep-alive': 'timeout=10, max=50',
23 silly registry.get     connection: 'Keep-Alive' } ]
24 silly lockFile e529d936-generator-magicapp generator-magicapp@
25 silly lockFile e529d936-generator-magicapp generator-magicapp@
26 error 404 'generator-magicapp' is not in the npm registry.
26 error 404 You should bug the author to publish it
26 error 404
26 error 404 Note that you can also install from a
26 error 404 tarball, folder, or http url, or git url.
27 error System Windows_NT 6.1.7601
28 error command "C:\\Program Files\\nodejs\\\\node.exe" "C:\\Program Files\\nodejs\\node_modules\\npm\\bin\\npm-cli.js" "install" "-g" "generator-magicapp"
29 error cwd D:\Yoman\generator-magicApp
30 error node -v v0.10.25
31 error npm -v 1.3.24
32 error code E404
33 verbose exit [ 1, true ]
